<?xml version="1.0" encoding="UTF-8"?>
<!-- Generated by org.testng.reporters.JUnitXMLReporter -->
<testsuite ignored="2" hostname="TYC1121225" failures="0" tests="2" name="Test" time="0.114" errors="0" timestamp="2023-01-06T15:56:11 IST">
  <testcase classname="basicTestScript.DemoTestScriptTest" name="verifyHomePageTest" time="0.015"/>
  <testcase classname="basicTestScript.DemoTestScript2Test" name="verifyCustomer" time="0.003"/>
  <testcase classname="genericUtility.BaseClass" name="@BeforeSuite bsConfig" time="0.0">
    <ignored/>
  </testcase> <!-- @BeforeSuite bsConfig -->
  <testcase classname="genericUtility.BaseClass" name="@AfterSuite asConfig" time="0.0">
    <ignored/>
  </testcase> <!-- @AfterSuite asConfig -->
</testsuite> <!-- Test -->
